[INFO ] 2021-03-11 00:14:49.159 [com.example.demo.aop.MethodLogAop.http-nio-8095-exec-9:42] - 进入方法：[com.example.demo.controller.SalariesController.list] - args: [{"current":1,"limit":10}]
[DEBUG] 2021-03-11 00:14:49.257 [com.example.demo.base.dao.SalariesMapper.selectInfo_mpCount.http-nio-8095-exec-9:137] - ==>  Preparing: SELECT COUNT(*) FROM salaries WHERE 1 = 1
[DEBUG] 2021-03-11 00:14:49.257 [com.example.demo.base.dao.SalariesMapper.selectInfo_mpCount.http-nio-8095-exec-9:137] - ==> Parameters: 
[DEBUG] 2021-03-11 00:14:49.305 [com.example.demo.base.dao.SalariesMapper.selectInfo_mpCount.http-nio-8095-exec-9:137] - <==      Total: 1
[DEBUG] 2021-03-11 00:14:49.312 [com.example.demo.base.dao.SalariesMapper.selectInfo.http-nio-8095-exec-9:137] - ==>  Preparing: select * from salaries where 1 = 1 LIMIT ?
[DEBUG] 2021-03-11 00:14:49.314 [com.example.demo.base.dao.SalariesMapper.selectInfo.http-nio-8095-exec-9:137] - ==> Parameters: 10(Long)
[DEBUG] 2021-03-11 00:14:49.319 [com.example.demo.base.dao.SalariesMapper.selectInfo.http-nio-8095-exec-9:137] - <==      Total: 10
[INFO ] 2021-03-11 00:14:49.320 [com.example.demo.aop.MethodLogAop.http-nio-8095-exec-9:52] - 离开方法：[com.example.demo.controller.SalariesController.list] - return: [{"from_date":"1986-06-26","to_date":"1987-06-26","emp_no":10001,"salary":60117},{"from_date":"1987-06-26","to_date":"1988-06-25","emp_no":10001,"salary":62102},{"from_date":"1988-06-25","to_date":"1989-06-25","emp_no":10001,"salary":66074},{"from_date":"1989-06-25","to_date":"1990-06-25","emp_no":10001,"salary":66596},{"from_date":"1990-06-25","to_date":"1991-06-25","emp_no":10001,"salary":66961},{"from_date":"1991-06-25","to_date":"1992-06-24","emp_no":10001,"salary":71046},{"from_date":"1992-06-24","to_date":"1993-06-24","emp_no":10001,"salary":74333},{"from_date":"1993-06-24","to_date":"1994-06-24","emp_no":10001,"salary":75286},{"from_date":"1994-06-24","to_date":"1995-06-24","emp_no":10001,"salary":75994},{"from_date":"1995-06-24","to_date":"1996-06-23","emp_no":10001,"salary":76884}]
[INFO ] 2021-03-11 00:14:49.321 [com.example.demo.aop.MethodLogAop.http-nio-8095-exec-9:53] - [com.example.demo.controller.SalariesController.list]方法耗时：152ms
[INFO ] 2021-03-11 00:15:48.856 [com.example.demo.aop.MethodLogAop.http-nio-8095-exec-10:42] - 进入方法：[com.example.demo.controller.SalariesController.list] - args: [{"current":1,"limit":10}]
[DEBUG] 2021-03-11 00:15:48.857 [com.example.demo.base.dao.SalariesMapper.selectInfo_mpCount.http-nio-8095-exec-10:137] - ==>  Preparing: SELECT COUNT(*) FROM salaries WHERE 1 = 1
[DEBUG] 2021-03-11 00:15:48.858 [com.example.demo.base.dao.SalariesMapper.selectInfo_mpCount.http-nio-8095-exec-10:137] - ==> Parameters: 
[DEBUG] 2021-03-11 00:15:48.903 [com.example.demo.base.dao.SalariesMapper.selectInfo_mpCount.http-nio-8095-exec-10:137] - <==      Total: 1
[DEBUG] 2021-03-11 00:15:48.903 [com.example.demo.base.dao.SalariesMapper.selectInfo.http-nio-8095-exec-10:137] - ==>  Preparing: select * from salaries where 1 = 1 LIMIT ?
[DEBUG] 2021-03-11 00:15:48.904 [com.example.demo.base.dao.SalariesMapper.selectInfo.http-nio-8095-exec-10:137] - ==> Parameters: 10(Long)
[DEBUG] 2021-03-11 00:15:48.906 [com.example.demo.base.dao.SalariesMapper.selectInfo.http-nio-8095-exec-10:137] - <==      Total: 10
[INFO ] 2021-03-11 00:15:48.907 [com.example.demo.aop.MethodLogAop.http-nio-8095-exec-10:52] - 离开方法：[com.example.demo.controller.SalariesController.list] - return: [{"from_date":"1986-06-26","to_date":"1987-06-26","emp_no":10001,"salary":60117},{"from_date":"1987-06-26","to_date":"1988-06-25","emp_no":10001,"salary":62102},{"from_date":"1988-06-25","to_date":"1989-06-25","emp_no":10001,"salary":66074},{"from_date":"1989-06-25","to_date":"1990-06-25","emp_no":10001,"salary":66596},{"from_date":"1990-06-25","to_date":"1991-06-25","emp_no":10001,"salary":66961},{"from_date":"1991-06-25","to_date":"1992-06-24","emp_no":10001,"salary":71046},{"from_date":"1992-06-24","to_date":"1993-06-24","emp_no":10001,"salary":74333},{"from_date":"1993-06-24","to_date":"1994-06-24","emp_no":10001,"salary":75286},{"from_date":"1994-06-24","to_date":"1995-06-24","emp_no":10001,"salary":75994},{"from_date":"1995-06-24","to_date":"1996-06-23","emp_no":10001,"salary":76884}]
[INFO ] 2021-03-11 00:15:48.907 [com.example.demo.aop.MethodLogAop.http-nio-8095-exec-10:53] - [com.example.demo.controller.SalariesController.list]方法耗时：51ms
[INFO ] 2021-03-11 00:16:43.087 [com.example.demo.aop.MethodLogAop.http-nio-8095-exec-1:42] - 进入方法：[com.example.demo.controller.SalariesController.list] - args: [{"current":1,"limit":10}]
[DEBUG] 2021-03-11 00:16:43.088 [com.example.demo.base.dao.SalariesMapper.selectInfo_mpCount.http-nio-8095-exec-1:137] - ==>  Preparing: SELECT COUNT(*) FROM salaries WHERE 1 = 1
[DEBUG] 2021-03-11 00:16:43.089 [com.example.demo.base.dao.SalariesMapper.selectInfo_mpCount.http-nio-8095-exec-1:137] - ==> Parameters: 
[DEBUG] 2021-03-11 00:16:43.141 [com.example.demo.base.dao.SalariesMapper.selectInfo_mpCount.http-nio-8095-exec-1:137] - <==      Total: 1
[DEBUG] 2021-03-11 00:16:43.142 [com.example.demo.base.dao.SalariesMapper.selectInfo.http-nio-8095-exec-1:137] - ==>  Preparing: select * from salaries where 1 = 1 LIMIT ?
[DEBUG] 2021-03-11 00:16:43.143 [com.example.demo.base.dao.SalariesMapper.selectInfo.http-nio-8095-exec-1:137] - ==> Parameters: 10(Long)
[DEBUG] 2021-03-11 00:16:43.144 [com.example.demo.base.dao.SalariesMapper.selectInfo.http-nio-8095-exec-1:137] - <==      Total: 10
[INFO ] 2021-03-11 00:16:43.145 [com.example.demo.aop.MethodLogAop.http-nio-8095-exec-1:52] - 离开方法：[com.example.demo.controller.SalariesController.list] - return: [{"from_date":"1986-06-26","to_date":"1987-06-26","emp_no":10001,"salary":60117},{"from_date":"1987-06-26","to_date":"1988-06-25","emp_no":10001,"salary":62102},{"from_date":"1988-06-25","to_date":"1989-06-25","emp_no":10001,"salary":66074},{"from_date":"1989-06-25","to_date":"1990-06-25","emp_no":10001,"salary":66596},{"from_date":"1990-06-25","to_date":"1991-06-25","emp_no":10001,"salary":66961},{"from_date":"1991-06-25","to_date":"1992-06-24","emp_no":10001,"salary":71046},{"from_date":"1992-06-24","to_date":"1993-06-24","emp_no":10001,"salary":74333},{"from_date":"1993-06-24","to_date":"1994-06-24","emp_no":10001,"salary":75286},{"from_date":"1994-06-24","to_date":"1995-06-24","emp_no":10001,"salary":75994},{"from_date":"1995-06-24","to_date":"1996-06-23","emp_no":10001,"salary":76884}]
[INFO ] 2021-03-11 00:16:43.145 [com.example.demo.aop.MethodLogAop.http-nio-8095-exec-1:53] - [com.example.demo.controller.SalariesController.list]方法耗时：58ms
[INFO ] 2021-03-11 00:17:13.509 [com.example.demo.aop.MethodLogAop.http-nio-8095-exec-2:42] - 进入方法：[com.example.demo.controller.SalariesController.list] - args: [{"current":1,"limit":10}]
[DEBUG] 2021-03-11 00:17:13.510 [com.example.demo.base.dao.SalariesMapper.selectInfo_mpCount.http-nio-8095-exec-2:137] - ==>  Preparing: SELECT COUNT(*) FROM salaries WHERE 1 = 1
[DEBUG] 2021-03-11 00:17:13.511 [com.example.demo.base.dao.SalariesMapper.selectInfo_mpCount.http-nio-8095-exec-2:137] - ==> Parameters: 
[DEBUG] 2021-03-11 00:17:13.558 [com.example.demo.base.dao.SalariesMapper.selectInfo_mpCount.http-nio-8095-exec-2:137] - <==      Total: 1
[DEBUG] 2021-03-11 00:17:13.559 [com.example.demo.base.dao.SalariesMapper.selectInfo.http-nio-8095-exec-2:137] - ==>  Preparing: select * from salaries where 1 = 1 LIMIT ?
[DEBUG] 2021-03-11 00:17:13.560 [com.example.demo.base.dao.SalariesMapper.selectInfo.http-nio-8095-exec-2:137] - ==> Parameters: 10(Long)
[DEBUG] 2021-03-11 00:17:13.561 [com.example.demo.base.dao.SalariesMapper.selectInfo.http-nio-8095-exec-2:137] - <==      Total: 10
[INFO ] 2021-03-11 00:17:13.562 [com.example.demo.aop.MethodLogAop.http-nio-8095-exec-2:52] - 离开方法：[com.example.demo.controller.SalariesController.list] - return: [{"from_date":"1986-06-26","to_date":"1987-06-26","emp_no":10001,"salary":60117},{"from_date":"1987-06-26","to_date":"1988-06-25","emp_no":10001,"salary":62102},{"from_date":"1988-06-25","to_date":"1989-06-25","emp_no":10001,"salary":66074},{"from_date":"1989-06-25","to_date":"1990-06-25","emp_no":10001,"salary":66596},{"from_date":"1990-06-25","to_date":"1991-06-25","emp_no":10001,"salary":66961},{"from_date":"1991-06-25","to_date":"1992-06-24","emp_no":10001,"salary":71046},{"from_date":"1992-06-24","to_date":"1993-06-24","emp_no":10001,"salary":74333},{"from_date":"1993-06-24","to_date":"1994-06-24","emp_no":10001,"salary":75286},{"from_date":"1994-06-24","to_date":"1995-06-24","emp_no":10001,"salary":75994},{"from_date":"1995-06-24","to_date":"1996-06-23","emp_no":10001,"salary":76884}]
[INFO ] 2021-03-11 00:17:13.562 [com.example.demo.aop.MethodLogAop.http-nio-8095-exec-2:53] - [com.example.demo.controller.SalariesController.list]方法耗时：52ms
[INFO ] 2021-03-11 00:17:33.222 [com.example.demo.aop.MethodLogAop.http-nio-8095-exec-3:42] - 进入方法：[com.example.demo.controller.SalariesController.list] - args: [{"current":1,"limit":10}]
[DEBUG] 2021-03-11 00:17:33.224 [com.example.demo.base.dao.SalariesMapper.selectInfo_mpCount.http-nio-8095-exec-3:137] - ==>  Preparing: SELECT COUNT(*) FROM salaries WHERE 1 = 1
[DEBUG] 2021-03-11 00:17:33.224 [com.example.demo.base.dao.SalariesMapper.selectInfo_mpCount.http-nio-8095-exec-3:137] - ==> Parameters: 
[DEBUG] 2021-03-11 00:17:33.280 [com.example.demo.base.dao.SalariesMapper.selectInfo_mpCount.http-nio-8095-exec-3:137] - <==      Total: 1
[DEBUG] 2021-03-11 00:17:33.281 [com.example.demo.base.dao.SalariesMapper.selectInfo.http-nio-8095-exec-3:137] - ==>  Preparing: select * from salaries where 1 = 1 LIMIT ?
[DEBUG] 2021-03-11 00:17:33.281 [com.example.demo.base.dao.SalariesMapper.selectInfo.http-nio-8095-exec-3:137] - ==> Parameters: 10(Long)
[DEBUG] 2021-03-11 00:17:33.283 [com.example.demo.base.dao.SalariesMapper.selectInfo.http-nio-8095-exec-3:137] - <==      Total: 10
[INFO ] 2021-03-11 00:17:33.283 [com.example.demo.aop.MethodLogAop.http-nio-8095-exec-3:52] - 离开方法：[com.example.demo.controller.SalariesController.list] - return: [{"from_date":"1986-06-26","to_date":"1987-06-26","emp_no":10001,"salary":60117},{"from_date":"1987-06-26","to_date":"1988-06-25","emp_no":10001,"salary":62102},{"from_date":"1988-06-25","to_date":"1989-06-25","emp_no":10001,"salary":66074},{"from_date":"1989-06-25","to_date":"1990-06-25","emp_no":10001,"salary":66596},{"from_date":"1990-06-25","to_date":"1991-06-25","emp_no":10001,"salary":66961},{"from_date":"1991-06-25","to_date":"1992-06-24","emp_no":10001,"salary":71046},{"from_date":"1992-06-24","to_date":"1993-06-24","emp_no":10001,"salary":74333},{"from_date":"1993-06-24","to_date":"1994-06-24","emp_no":10001,"salary":75286},{"from_date":"1994-06-24","to_date":"1995-06-24","emp_no":10001,"salary":75994},{"from_date":"1995-06-24","to_date":"1996-06-23","emp_no":10001,"salary":76884}]
[INFO ] 2021-03-11 00:17:33.283 [com.example.demo.aop.MethodLogAop.http-nio-8095-exec-3:53] - [com.example.demo.controller.SalariesController.list]方法耗时：60ms
