[INFO ] 2020-11-13 17:00:09.054 [com.example.demo.DemoApplication.main:55] - Starting DemoApplication on USER-LXJ with PID 11944 (E:\workspace\springboot-demos\springboot-log4j2\target\classes started by User in E:\workspace\springboot-demos)
[INFO ] 2020-11-13 17:00:09.060 [com.example.demo.DemoApplication.main:651] - No active profile set, falling back to default profiles: default
[INFO ] 2020-11-13 17:00:09.688 [org.springframework.boot.web.embedded.tomcat.TomcatWebServer.main:108] - Tomcat initialized with port(s): 8080 (http)
[INFO ] 2020-11-13 17:00:09.698 [org.apache.coyote.http11.Http11NioProtocol.main:173] - Initializing ProtocolHandler ["http-nio-8080"]
[INFO ] 2020-11-13 17:00:09.699 [org.apache.catalina.core.StandardService.main:173] - Starting service [Tomcat]
[INFO ] 2020-11-13 17:00:09.699 [org.apache.catalina.core.StandardEngine.main:173] - Starting Servlet engine: [Apache Tomcat/9.0.39]
[INFO ] 2020-11-13 17:00:09.701 [org.apache.catalina.core.AprLifecycleListener.main:173] - An older version [1.2.16] of the Apache Tomcat Native library is installed, while Tomcat recommends a minimum version of [1.2.23]
[INFO ] 2020-11-13 17:00:09.701 [org.apache.catalina.core.AprLifecycleListener.main:173] - Loaded Apache Tomcat Native library [1.2.16] using APR version [1.6.3].
[INFO ] 2020-11-13 17:00:09.701 [org.apache.catalina.core.AprLifecycleListener.main:173] - APR capabilities: IPv6 [true], sendfile [true], accept filters [false], random [true].
[INFO ] 2020-11-13 17:00:09.701 [org.apache.catalina.core.AprLifecycleListener.main:173] - APR/OpenSSL configuration: useAprConnector [false], useOpenSSL [true]
[INFO ] 2020-11-13 17:00:10.732 [org.apache.catalina.core.AprLifecycleListener.main:173] - OpenSSL successfully initialized [OpenSSL 1.0.2m  2 Nov 2017]
[INFO ] 2020-11-13 17:00:10.801 [org.apache.catalina.core.ContainerBase.[Tomcat].[localhost].[/].main:173] - Initializing Spring embedded WebApplicationContext
[INFO ] 2020-11-13 17:00:10.802 [org.springframework.boot.web.servlet.context.ServletWebServerApplicationContext.main:285] - Root WebApplicationContext: initialization completed in 1713 ms
[INFO ] 2020-11-13 17:00:10.931 [org.springframework.scheduling.concurrent.ThreadPoolTaskExecutor.main:181] - Initializing ExecutorService 'applicationTaskExecutor'
[INFO ] 2020-11-13 17:00:11.023 [org.apache.coyote.http11.Http11NioProtocol.main:173] - Starting ProtocolHandler ["http-nio-8080"]
[INFO ] 2020-11-13 17:00:11.036 [org.springframework.boot.web.embedded.tomcat.TomcatWebServer.main:220] - Tomcat started on port(s): 8080 (http) with context path ''
[INFO ] 2020-11-13 17:00:11.043 [com.example.demo.DemoApplication.main:61] - Started DemoApplication in 2.291 seconds (JVM running for 3.156)
[INFO ] 2020-11-13 17:00:35.386 [org.apache.catalina.core.ContainerBase.[Tomcat].[localhost].[/].http-nio-8080-exec-1:173] - Initializing Spring DispatcherServlet 'dispatcherServlet'
[INFO ] 2020-11-13 17:00:35.386 [org.springframework.web.servlet.DispatcherServlet.http-nio-8080-exec-1:525] - Initializing Servlet 'dispatcherServlet'
[INFO ] 2020-11-13 17:00:35.391 [org.springframework.web.servlet.DispatcherServlet.http-nio-8080-exec-1:547] - Completed initialization in 4 ms
[INFO ] 2020-11-13 17:00:35.482 [com.example.demo.aop.MethodLogAop.http-nio-8080-exec-1:42] - 进入方法：[com.example.demo.controller.Log4j2Controller.log4j2Test] - args: []
[INFO ] 2020-11-13 17:00:35.489 [com.example.demo.controller.Log4j2Controller.http-nio-8080-exec-1:26] - lombok log info...lombok 普通日志测试
[ERROR] 2020-11-13 17:00:35.490 [com.example.demo.controller.Log4j2Controller.http-nio-8080-exec-1:27] - lombok log error...lombok 错误日志测试
[INFO ] 2020-11-13 17:00:35.490 [com.example.demo.aop.MethodLogAop.http-nio-8080-exec-1:52] - 离开方法：[com.example.demo.controller.Log4j2Controller.log4j2Test] - return: null
[INFO ] 2020-11-13 17:00:35.490 [com.example.demo.aop.MethodLogAop.http-nio-8080-exec-1:53] - [com.example.demo.controller.Log4j2Controller.log4j2Test]方法耗时：8ms
